# JRE version: Java(TM) SE Runtime Environment (8.0_60-b27) (build 1.8.0_60-b27)
# Java VM: Java HotSpot(TM) 64-Bit Server VM (25.60-b23 mixed mode windows-amd64 compressed oops)
Heap:
 PSYoungGen      total 380416K, used 324326K [0x00000000d5580000, 0x00000000ee680000, 0x0000000100000000)
  eden space 354304K, 85% used [0x00000000d5580000,0x00000000e7e7d528,0x00000000eaf80000)
  from space 26112K, 77% used [0x00000000ecd00000,0x00000000ee0bc418,0x00000000ee680000)
  to   space 28160K, 0% used [0x00000000eaf80000,0x00000000eaf80000,0x00000000ecb00000)
 ParOldGen       total 122368K, used 102036K [0x0000000080000000, 0x0000000087780000, 0x00000000d5580000)
  object space 122368K, 83% used [0x0000000080000000,0x00000000863a5308,0x0000000087780000)
 Metaspace       used 82705K, capacity 92240K, committed 92288K, reserved 1126400K
  class space    used 11518K, capacity 14456K, committed 14464K, reserved 1048576K
GC Heap History (10 events):
Event: 1224.313 GC heap before
{Heap before GC invocations=33 (full 8):
 PSYoungGen      total 352256K, used 328704K [0x00000000d5580000, 0x00000000ec580000, 0x0000000100000000)
  eden space 328704K, 100% used [0x00000000d5580000,0x00000000e9680000,0x00000000e9680000)
  from space 23552K, 0% used [0x00000000eae80000,0x00000000eae80000,0x00000000ec580000)
  to   space 24064K, 0% used [0x00000000e9680000,0x00000000e9680000,0x00000000eae00000)
 ParOldGen       total 122368K, used 80335K [0x0000000080000000, 0x0000000087780000, 0x00000000d5580000)
  object space 122368K, 65% used [0x0000000080000000,0x0000000084e73d70,0x0000000087780000)
 Metaspace       used 66593K, capacity 73416K, committed 73600K, reserved 1112064K
  class space    used 9002K, capacity 11117K, committed 11136K, reserved 1048576K
Event: 1224.445 GC heap after
Heap after GC invocations=33 (full 8):
 PSYoungGen      total 352768K, used 11915K [0x00000000d5580000, 0x00000000ec580000, 0x0000000100000000)
  eden space 328704K, 0% used [0x00000000d5580000,0x00000000d5580000,0x00000000e9680000)
  from space 24064K, 49% used [0x00000000e9680000,0x00000000ea222f78,0x00000000eae00000)
  to   space 23552K, 0% used [0x00000000eae80000,0x00000000eae80000,0x00000000ec580000)
 ParOldGen       total 122368K, used 80343K [0x0000000080000000, 0x0000000087780000, 0x00000000d5580000)
  object space 122368K, 65% used [0x0000000080000000,0x0000000084e75d70,0x0000000087780000)
 Metaspace       used 66593K, capacity 73416K, committed 73600K, reserved 1112064K
  class space    used 9002K, capacity 11117K, committed 11136K, reserved 1048576K
}
Event: 1234.319 GC heap before
{Heap before GC invocations=34 (full 8):
 PSYoungGen      total 352768K, used 148971K [0x00000000d5580000, 0x00000000ec580000, 0x0000000100000000)
  eden space 328704K, 41% used [0x00000000d5580000,0x00000000ddb57d18,0x00000000e9680000)
  from space 24064K, 49% used [0x00000000e9680000,0x00000000ea222f78,0x00000000eae00000)
  to   space 23552K, 0% used [0x00000000eae80000,0x00000000eae80000,0x00000000ec580000)
 ParOldGen       total 122368K, used 80343K [0x0000000080000000, 0x0000000087780000, 0x00000000d5580000)
  object space 122368K, 65% used [0x0000000080000000,0x0000000084e75d70,0x0000000087780000)
 Metaspace       used 70731K, capacity 78126K, committed 78336K, reserved 1116160K
  class space    used 9674K, capacity 11968K, committed 12032K, reserved 1048576K
Event: 1234.369 GC heap after
Heap after GC invocations=34 (full 8):
 PSYoungGen      total 349696K, used 23409K [0x00000000d5580000, 0x00000000eef80000, 0x0000000100000000)
  eden space 326144K, 0% used [0x00000000d5580000,0x00000000d5580000,0x00000000e9400000)
  from space 23552K, 99% used [0x00000000eae80000,0x00000000ec55c588,0x00000000ec580000)
  to   space 27136K, 0% used [0x00000000e9400000,0x00000000e9400000,0x00000000eae80000)
 ParOldGen       total 122368K, used 80351K [0x0000000080000000, 0x0000000087780000, 0x00000000d5580000)
  object space 122368K, 65% used [0x0000000080000000,0x0000000084e77d70,0x0000000087780000)
 Metaspace       used 70731K, capacity 78126K, committed 78336K, reserved 1116160K
  class space    used 9674K, capacity 11968K, committed 12032K, reserved 1048576K
}
Event: 1234.369 GC heap before
{Heap before GC invocations=35 (full 9):
 PSYoungGen      total 349696K, used 23409K [0x00000000d5580000, 0x00000000eef80000, 0x0000000100000000)
  eden space 326144K, 0% used [0x00000000d5580000,0x00000000d5580000,0x00000000e9400000)
  from space 23552K, 99% used [0x00000000eae80000,0x00000000ec55c588,0x00000000ec580000)
  to   space 27136K, 0% used [0x00000000e9400000,0x00000000e9400000,0x00000000eae80000)
 ParOldGen       total 122368K, used 80351K [0x0000000080000000, 0x0000000087780000, 0x00000000d5580000)
  object space 122368K, 65% used [0x0000000080000000,0x0000000084e77d70,0x0000000087780000)
 Metaspace       used 70731K, capacity 78126K, committed 78336K, reserved 1116160K
  class space    used 9674K, capacity 11968K, committed 12032K, reserved 1048576K
Event: 1235.551 GC heap after
Heap after GC invocations=35 (full 9):
 PSYoungGen      total 349696K, used 0K [0x00000000d5580000, 0x00000000eef80000, 0x0000000100000000)
  eden space 326144K, 0% used [0x00000000d5580000,0x00000000d5580000,0x00000000e9400000)
  from space 23552K, 0% used [0x00000000eae80000,0x00000000eae80000,0x00000000ec580000)
  to   space 27136K, 0% used [0x00000000e9400000,0x00000000e9400000,0x00000000eae80000)
 ParOldGen       total 122368K, used 102020K [0x0000000080000000, 0x0000000087780000, 0x00000000d5580000)
  object space 122368K, 83% used [0x0000000080000000,0x00000000863a1308,0x0000000087780000)
 Metaspace       used 70637K, capacity 77784K, committed 78336K, reserved 1116160K
  class space    used 9654K, capacity 11866K, committed 12032K, reserved 1048576K
}
Event: 1264.636 GC heap before
{Heap before GC invocations=36 (full 9):
 PSYoungGen      total 349696K, used 326144K [0x00000000d5580000, 0x00000000eef80000, 0x0000000100000000)
  eden space 326144K, 100% used [0x00000000d5580000,0x00000000e9400000,0x00000000e9400000)
  from space 23552K, 0% used [0x00000000eae80000,0x00000000eae80000,0x00000000ec580000)
  to   space 27136K, 0% used [0x00000000e9400000,0x00000000e9400000,0x00000000eae80000)
 ParOldGen       total 122368K, used 102020K [0x0000000080000000, 0x0000000087780000, 0x00000000d5580000)
  object space 122368K, 83% used [0x0000000080000000,0x00000000863a1308,0x0000000087780000)
 Metaspace       used 73026K, capacity 80914K, committed 81152K, reserved 1118208K
  class space    used 10064K, capacity 12460K, committed 12544K, reserved 1048576K
Event: 1264.681 GC heap after
Heap after GC invocations=36 (full 9):
 PSYoungGen      total 353280K, used 13550K [0x00000000d5580000, 0x00000000ee700000, 0x0000000100000000)
  eden space 326144K, 0% used [0x00000000d5580000,0x00000000d5580000,0x00000000e9400000)
  from space 27136K, 49% used [0x00000000e9400000,0x00000000ea13bb48,0x00000000eae80000)
  to   space 26624K, 0% used [0x00000000ecd00000,0x00000000ecd00000,0x00000000ee700000)
 ParOldGen       total 122368K, used 102028K [0x0000000080000000, 0x0000000087780000, 0x00000000d5580000)
  object space 122368K, 83% used [0x0000000080000000,0x00000000863a3308,0x0000000087780000)
 Metaspace       used 73026K, capacity 80914K, committed 81152K, reserved 1118208K
  class space    used 10064K, capacity 12460K, committed 12544K, reserved 1048576K
}
Event: 1292.623 GC heap before
{Heap before GC invocations=37 (full 9):
 PSYoungGen      total 353280K, used 339694K [0x00000000d5580000, 0x00000000ee700000, 0x0000000100000000)
  eden space 326144K, 100% used [0x00000000d5580000,0x00000000e9400000,0x00000000e9400000)
  from space 27136K, 49% used [0x00000000e9400000,0x00000000ea13bb48,0x00000000eae80000)
  to   space 26624K, 0% used [0x00000000ecd00000,0x00000000ecd00000,0x00000000ee700000)
 ParOldGen       total 122368K, used 102028K [0x0000000080000000, 0x0000000087780000, 0x00000000d5580000)
  object space 122368K, 83% used [0x0000000080000000,0x00000000863a3308,0x0000000087780000)
 Metaspace       used 79080K, capacity 87714K, committed 87808K, reserved 1124352K
  class space    used 10899K, capacity 13559K, committed 13568K, reserved 1048576K
Event: 1292.663 GC heap after
Heap after GC invocations=37 (full 9):
 PSYoungGen      total 380416K, used 20209K [0x00000000d5580000, 0x00000000ee680000, 0x0000000100000000)
  eden space 354304K, 0% used [0x00000000d5580000,0x00000000d5580000,0x00000000eaf80000)
  from space 26112K, 77% used [0x00000000ecd00000,0x00000000ee0bc418,0x00000000ee680000)
  to   space 28160K, 0% used [0x00000000eaf80000,0x00000000eaf80000,0x00000000ecb00000)
 ParOldGen       total 122368K, used 102036K [0x0000000080000000, 0x0000000087780000, 0x00000000d5580000)
  object space 122368K, 83% used [0x0000000080000000,0x00000000863a5308,0x0000000087780000)
 Metaspace       used 79080K, capacity 87714K, committed 87808K, reserved 1124352K
  class space    used 10899K, capacity 13559K, committed 13568K, reserved 1048576K
}

